2019-12-24 13:28:33,802 INFO org.springframework.boot.StartupInfoLogger [main] Starting Application on irat with PID 6028 (/home/irat/eclipse-workspace/Final/target/classes started by irat in /home/irat/eclipse-workspace/Final)
2019-12-24 13:28:33,806 DEBUG org.springframework.boot.StartupInfoLogger [main] Running with Spring Boot v2.1.6.RELEASE, Spring v5.1.8.RELEASE
2019-12-24 13:28:33,808 INFO org.springframework.boot.SpringApplication [main] No active profile set, falling back to default profiles: default
2019-12-24 13:28:34,831 INFO org.springframework.data.repository.config.RepositoryConfigurationDelegate [main] Bootstrapping Spring Data repositories in DEFAULT mode.
2019-12-24 13:28:34,975 INFO org.springframework.data.repository.config.RepositoryConfigurationDelegate [main] Finished Spring Data repository scanning in 131ms. Found 11 repository interfaces.
2019-12-24 13:28:35,472 INFO org.springframework.context.support.PostProcessorRegistrationDelegate$BeanPostProcessorChecker [main] Bean 'org.springframework.transaction.annotation.ProxyTransactionManagementConfiguration' of type [org.springframework.transaction.annotation.ProxyTransactionManagementConfiguration$$EnhancerBySpringCGLIB$$62aa7b4b] is not eligible for getting processed by all BeanPostProcessors (for example: not eligible for auto-proxying)
2019-12-24 13:28:35,907 INFO org.springframework.boot.web.embedded.tomcat.TomcatWebServer [main] Tomcat initialized with port(s): 3456 (http)
2019-12-24 13:28:35,930 INFO org.apache.juli.logging.DirectJDKLog [main] Initializing ProtocolHandler ["http-nio-3456"]
2019-12-24 13:28:35,943 INFO org.apache.juli.logging.DirectJDKLog [main] Starting service [Tomcat]
2019-12-24 13:28:35,944 INFO org.apache.juli.logging.DirectJDKLog [main] Starting Servlet engine: [Apache Tomcat/9.0.21]
2019-12-24 13:28:36,103 INFO org.apache.juli.logging.DirectJDKLog [main] Initializing Spring embedded WebApplicationContext
2019-12-24 13:28:36,103 INFO org.springframework.boot.web.servlet.context.ServletWebServerApplicationContext [main] Root WebApplicationContext: initialization completed in 2229 ms
2019-12-24 13:28:36,337 INFO com.zaxxer.hikari.HikariDataSource [main] HikariPool-1 - Starting...
2019-12-24 13:28:36,851 INFO com.zaxxer.hikari.HikariDataSource [main] HikariPool-1 - Start completed.
2019-12-24 13:28:36,926 INFO org.hibernate.jpa.internal.util.LogHelper [main] HHH000204: Processing PersistenceUnitInfo [
	name: default
	...]
2019-12-24 13:28:37,033 INFO org.hibernate.Version [main] HHH000412: Hibernate Core {5.3.10.Final}
2019-12-24 13:28:37,036 INFO org.hibernate.cfg.Environment [main] HHH000206: hibernate.properties not found
2019-12-24 13:28:37,275 INFO org.hibernate.annotations.common.reflection.java.JavaReflectionManager [main] HCANN000001: Hibernate Commons Annotations {5.0.4.Final}
2019-12-24 13:28:37,460 INFO org.hibernate.dialect.Dialect [main] HHH000400: Using dialect: org.hibernate.dialect.MySQL5Dialect
2019-12-24 13:28:38,452 INFO org.springframework.orm.jpa.AbstractEntityManagerFactoryBean [main] Initialized JPA EntityManagerFactory for persistence unit 'default'
2019-12-24 13:28:38,853 INFO org.hibernate.hql.internal.QueryTranslatorFactoryInitiator [main] HHH000397: Using ASTQueryTranslatorFactory
2019-12-24 13:28:39,538 INFO org.springframework.scheduling.concurrent.ExecutorConfigurationSupport [main] Initializing ExecutorService 'applicationTaskExecutor'
2019-12-24 13:28:39,595 WARN org.springframework.boot.autoconfigure.orm.jpa.JpaBaseConfiguration$JpaWebConfiguration$JpaWebMvcConfiguration [main] spring.jpa.open-in-view is enabled by default. Therefore, database queries may be performed during view rendering. Explicitly configure spring.jpa.open-in-view to disable this warning
2019-12-24 13:28:39,901 INFO org.apache.juli.logging.DirectJDKLog [main] Starting ProtocolHandler ["http-nio-3456"]
2019-12-24 13:28:39,924 INFO org.springframework.boot.web.embedded.tomcat.TomcatWebServer [main] Tomcat started on port(s): 3456 (http) with context path ''
2019-12-24 13:28:39,929 INFO org.springframework.boot.StartupInfoLogger [main] Started Application in 6.935 seconds (JVM running for 7.44)
2019-12-24 13:29:06,341 INFO org.apache.juli.logging.DirectJDKLog [http-nio-3456-exec-1] Initializing Spring DispatcherServlet 'dispatcherServlet'
2019-12-24 13:29:06,342 INFO org.springframework.web.servlet.FrameworkServlet [http-nio-3456-exec-1] Initializing Servlet 'dispatcherServlet'
2019-12-24 13:29:06,352 INFO org.springframework.web.servlet.FrameworkServlet [http-nio-3456-exec-1] Completed initialization in 10 ms
2019-12-24 13:29:06,519 ERROR com.enigma.finalproject.controller.AuthController [http-nio-3456-exec-1] java.lang.NullPointerException
2019-12-24 13:36:45,934 INFO org.springframework.scheduling.concurrent.ExecutorConfigurationSupport [Thread-2] Shutting down ExecutorService 'applicationTaskExecutor'
2019-12-24 13:36:45,937 INFO org.springframework.orm.jpa.AbstractEntityManagerFactoryBean [Thread-2] Closing JPA EntityManagerFactory for persistence unit 'default'
2019-12-24 13:36:45,939 INFO com.zaxxer.hikari.HikariDataSource [Thread-2] HikariPool-1 - Shutdown initiated...
2019-12-24 13:36:45,950 INFO com.zaxxer.hikari.HikariDataSource [Thread-2] HikariPool-1 - Shutdown completed.
2019-12-24 13:36:54,390 INFO org.springframework.boot.StartupInfoLogger [main] Starting Application on irat with PID 6842 (/home/irat/eclipse-workspace/Final/target/classes started by irat in /home/irat/eclipse-workspace/Final)
2019-12-24 13:36:54,393 DEBUG org.springframework.boot.StartupInfoLogger [main] Running with Spring Boot v2.1.6.RELEASE, Spring v5.1.8.RELEASE
2019-12-24 13:36:54,394 INFO org.springframework.boot.SpringApplication [main] No active profile set, falling back to default profiles: default
2019-12-24 13:36:55,232 INFO org.springframework.data.repository.config.RepositoryConfigurationDelegate [main] Bootstrapping Spring Data repositories in DEFAULT mode.
2019-12-24 13:36:55,358 INFO org.springframework.data.repository.config.RepositoryConfigurationDelegate [main] Finished Spring Data repository scanning in 117ms. Found 11 repository interfaces.
2019-12-24 13:36:55,765 INFO org.springframework.context.support.PostProcessorRegistrationDelegate$BeanPostProcessorChecker [main] Bean 'org.springframework.transaction.annotation.ProxyTransactionManagementConfiguration' of type [org.springframework.transaction.annotation.ProxyTransactionManagementConfiguration$$EnhancerBySpringCGLIB$$9855364c] is not eligible for getting processed by all BeanPostProcessors (for example: not eligible for auto-proxying)
2019-12-24 13:36:56,073 INFO org.springframework.boot.web.embedded.tomcat.TomcatWebServer [main] Tomcat initialized with port(s): 3456 (http)
2019-12-24 13:36:56,092 INFO org.apache.juli.logging.DirectJDKLog [main] Initializing ProtocolHandler ["http-nio-3456"]
2019-12-24 13:36:56,105 INFO org.apache.juli.logging.DirectJDKLog [main] Starting service [Tomcat]
2019-12-24 13:36:56,106 INFO org.apache.juli.logging.DirectJDKLog [main] Starting Servlet engine: [Apache Tomcat/9.0.21]
2019-12-24 13:36:56,250 INFO org.apache.juli.logging.DirectJDKLog [main] Initializing Spring embedded WebApplicationContext
2019-12-24 13:36:56,251 INFO org.springframework.boot.web.servlet.context.ServletWebServerApplicationContext [main] Root WebApplicationContext: initialization completed in 1806 ms
2019-12-24 13:36:56,417 INFO com.zaxxer.hikari.HikariDataSource [main] HikariPool-1 - Starting...
2019-12-24 13:36:56,849 INFO com.zaxxer.hikari.HikariDataSource [main] HikariPool-1 - Start completed.
2019-12-24 13:36:56,910 INFO org.hibernate.jpa.internal.util.LogHelper [main] HHH000204: Processing PersistenceUnitInfo [
	name: default
	...]
2019-12-24 13:36:56,967 INFO org.hibernate.Version [main] HHH000412: Hibernate Core {5.3.10.Final}
2019-12-24 13:36:56,970 INFO org.hibernate.cfg.Environment [main] HHH000206: hibernate.properties not found
2019-12-24 13:36:57,137 INFO org.hibernate.annotations.common.reflection.java.JavaReflectionManager [main] HCANN000001: Hibernate Commons Annotations {5.0.4.Final}
2019-12-24 13:36:57,267 INFO org.hibernate.dialect.Dialect [main] HHH000400: Using dialect: org.hibernate.dialect.MySQL5Dialect
2019-12-24 13:36:58,030 INFO org.springframework.orm.jpa.AbstractEntityManagerFactoryBean [main] Initialized JPA EntityManagerFactory for persistence unit 'default'
2019-12-24 13:36:58,366 INFO org.hibernate.hql.internal.QueryTranslatorFactoryInitiator [main] HHH000397: Using ASTQueryTranslatorFactory
2019-12-24 13:36:58,940 INFO org.springframework.scheduling.concurrent.ExecutorConfigurationSupport [main] Initializing ExecutorService 'applicationTaskExecutor'
2019-12-24 13:36:58,984 WARN org.springframework.boot.autoconfigure.orm.jpa.JpaBaseConfiguration$JpaWebConfiguration$JpaWebMvcConfiguration [main] spring.jpa.open-in-view is enabled by default. Therefore, database queries may be performed during view rendering. Explicitly configure spring.jpa.open-in-view to disable this warning
2019-12-24 13:36:59,220 INFO org.apache.juli.logging.DirectJDKLog [main] Starting ProtocolHandler ["http-nio-3456"]
2019-12-24 13:36:59,242 INFO org.springframework.boot.web.embedded.tomcat.TomcatWebServer [main] Tomcat started on port(s): 3456 (http) with context path ''
2019-12-24 13:36:59,245 INFO org.springframework.boot.StartupInfoLogger [main] Started Application in 5.376 seconds (JVM running for 5.744)
2019-12-24 13:36:59,247 TRACE com.enigma.finalproject.Application [main] A trace message
2019-12-24 13:36:59,247 DEBUG com.enigma.finalproject.Application [main] A debug message
2019-12-24 13:36:59,247 INFO com.enigma.finalproject.Application [main] An Info message
2019-12-24 13:36:59,247 WARN com.enigma.finalproject.Application [main] A Warn message
2019-12-24 13:36:59,248 ERROR com.enigma.finalproject.Application [main] An Error Message
2019-12-24 13:37:04,322 INFO org.apache.juli.logging.DirectJDKLog [http-nio-3456-exec-1] Initializing Spring DispatcherServlet 'dispatcherServlet'
2019-12-24 13:37:04,322 INFO org.springframework.web.servlet.FrameworkServlet [http-nio-3456-exec-1] Initializing Servlet 'dispatcherServlet'
2019-12-24 13:37:04,335 INFO org.springframework.web.servlet.FrameworkServlet [http-nio-3456-exec-1] Completed initialization in 12 ms
2019-12-24 13:37:04,488 ERROR com.enigma.finalproject.controller.AuthController [http-nio-3456-exec-1] java.lang.NullPointerException
2019-12-24 13:38:18,647 INFO org.springframework.scheduling.concurrent.ExecutorConfigurationSupport [Thread-2] Shutting down ExecutorService 'applicationTaskExecutor'
2019-12-24 13:38:18,667 INFO org.springframework.orm.jpa.AbstractEntityManagerFactoryBean [Thread-2] Closing JPA EntityManagerFactory for persistence unit 'default'
2019-12-24 13:38:18,678 INFO com.zaxxer.hikari.HikariDataSource [Thread-2] HikariPool-1 - Shutdown initiated...
2019-12-24 13:38:18,730 INFO com.zaxxer.hikari.HikariDataSource [Thread-2] HikariPool-1 - Shutdown completed.
